[    5402ms] [LOG] Hi there! You're looking at Render version b81a9dd91. @ https://dashboard.render.com/assets/errors-FR3gmZ0J.js:1
[    5517ms] [WARNING] An error occurred! For more details, see the full error text at https://go.apollo.dev/c/err#%7B%22version%22%3A%223.14.1%22%2C%22message%22%3A72%2C%22args%22%3A%5B%5D%7D @ https://dashboard.render.com/assets/errors-FR3gmZ0J.js:1
[    5517ms] [WARNING] An error occurred! For more details, see the full error text at https://go.apollo.dev/c/err#%7B%22version%22%3A%223.14.1%22%2C%22message%22%3A72%2C%22args%22%3A%5B%5D%7D @ https://dashboard.render.com/assets/errors-FR3gmZ0J.js:1
[    5557ms] [WARNING] An error occurred! For more details, see the full error text at https://go.apollo.dev/c/err#%7B%22version%22%3A%223.14.1%22%2C%22message%22%3A72%2C%22args%22%3A%5B%5D%7D @ https://dashboard.render.com/assets/errors-FR3gmZ0J.js:1
[    5603ms] [WARNING] An error occurred! For more details, see the full error text at https://go.apollo.dev/c/err#%7B%22version%22%3A%223.14.1%22%2C%22message%22%3A103%2C%22args%22%3A%5B%22useQuery%22%2C%22onError%22%2C%22If%20your%20%60onError%60%20callback%20sets%20local%20state%2C%20switch%20to%20use%20derived%20state%20using%20%60data%60%2C%20%60error%60%20or%20%60errors%60%20returned%20from%20the%20hook%20instead.%20Use%20%60useEffect%60%20if%20you%20need%20to%20perform%20side-effects%20as%20a%20result%20of%20updates%20to%20%60data%60%2C%20%60error%60%20or%20%60errors%60.%22%5D%7D @ https://dashboard.render.com/assets/errors-FR3gmZ0J.js:1
[    5615ms] [WARNING] An error occurred! For more details, see the full error text at https://go.apollo.dev/c/err#%7B%22version%22%3A%223.14.1%22%2C%22message%22%3A103%2C%22args%22%3A%5B%22useQuery%22%2C%22onError%22%2C%22If%20your%20%60onError%60%20callback%20sets%20local%20state%2C%20switch%20to%20use%20derived%20state%20using%20%60data%60%2C%20%60error%60%20or%20%60errors%60%20returned%20from%20the%20hook%20instead.%20Use%20%60useEffect%60%20if%20you%20need%20to%20perform%20side-effects%20as%20a%20result%20of%20updates%20to%20%60data%60%2C%20%60error%60%20or%20%60errors%60.%22%5D%7D @ https://dashboard.render.com/assets/errors-FR3gmZ0J.js:1
[    6101ms] [ERROR] Failed to load resource: the server responded with a status of 404 () @ https://en.gravatar.com/avatar/070b1402f34e5ea9a1f590620ec784be529a22a358bfc555325212331d08fc72?s=20&r=x&d=404:0
[    6277ms] [WARNING] An error occurred! For more details, see the full error text at https://go.apollo.dev/c/err#%7B%22version%22%3A%223.14.1%22%2C%22message%22%3A103%2C%22args%22%3A%5B%22useLazyQuery%22%2C%22variables%22%2C%22Pass%20all%20%60variables%60%20to%20the%20returned%20%60execute%60%20function%20instead.%22%5D%7D @ https://dashboard.render.com/assets/errors-FR3gmZ0J.js:1
[    6277ms] [WARNING] An error occurred! For more details, see the full error text at https://go.apollo.dev/c/err#%7B%22version%22%3A%223.14.1%22%2C%22message%22%3A103%2C%22args%22%3A%5B%22useLazyQuery%22%2C%22onCompleted%22%2C%22If%20your%20%60onCompleted%60%20callback%20sets%20local%20state%2C%20switch%20to%20use%20derived%20state%20using%20%60data%60%20returned%20from%20the%20hook%20instead.%20Use%20%60useEffect%60%20to%20perform%20side-effects%20as%20a%20result%20of%20updates%20to%20%60data%60.%22%5D%7D @ https://dashboard.render.com/assets/errors-FR3gmZ0J.js:1
[    6281ms] [WARNING] An error occurred! For more details, see the full error text at https://go.apollo.dev/c/err#%7B%22version%22%3A%223.14.1%22%2C%22message%22%3A103%2C%22args%22%3A%5B%22useLazyQuery%22%2C%22variables%22%2C%22Pass%20all%20%60variables%60%20to%20the%20returned%20%60execute%60%20function%20instead.%22%5D%7D @ https://dashboard.render.com/assets/errors-FR3gmZ0J.js:1
[    6281ms] [WARNING] An error occurred! For more details, see the full error text at https://go.apollo.dev/c/err#%7B%22version%22%3A%223.14.1%22%2C%22message%22%3A103%2C%22args%22%3A%5B%22useLazyQuery%22%2C%22onCompleted%22%2C%22If%20your%20%60onCompleted%60%20callback%20sets%20local%20state%2C%20switch%20to%20use%20derived%20state%20using%20%60data%60%20returned%20from%20the%20hook%20instead.%20Use%20%60useEffect%60%20to%20perform%20side-effects%20as%20a%20result%20of%20updates%20to%20%60data%60.%22%5D%7D @ https://dashboard.render.com/assets/errors-FR3gmZ0J.js:1
[    6282ms] [WARNING] An error occurred! For more details, see the full error text at https://go.apollo.dev/c/err#%7B%22version%22%3A%223.14.1%22%2C%22message%22%3A103%2C%22args%22%3A%5B%22useLazyQuery%22%2C%22variables%22%2C%22Pass%20all%20%60variables%60%20to%20the%20returned%20%60execute%60%20function%20instead.%22%5D%7D @ https://dashboard.render.com/assets/errors-FR3gmZ0J.js:1
[    6282ms] [WARNING] An error occurred! For more details, see the full error text at https://go.apollo.dev/c/err#%7B%22version%22%3A%223.14.1%22%2C%22message%22%3A103%2C%22args%22%3A%5B%22useLazyQuery%22%2C%22onCompleted%22%2C%22If%20your%20%60onCompleted%60%20callback%20sets%20local%20state%2C%20switch%20to%20use%20derived%20state%20using%20%60data%60%20returned%20from%20the%20hook%20instead.%20Use%20%60useEffect%60%20to%20perform%20side-effects%20as%20a%20result%20of%20updates%20to%20%60data%60.%22%5D%7D @ https://dashboard.render.com/assets/errors-FR3gmZ0J.js:1
[    6915ms] [WARNING] An error occurred! For more details, see the full error text at https://go.apollo.dev/c/err#%7B%22version%22%3A%223.14.1%22%2C%22message%22%3A103%2C%22args%22%3A%5B%22useQuery%22%2C%22onCompleted%22%2C%22If%20your%20%60onCompleted%60%20callback%20sets%20local%20state%2C%20switch%20to%20use%20derived%20state%20using%20%60data%60%20returned%20from%20the%20hook%20instead.%20Use%20%60useEffect%60%20to%20perform%20side-effects%20as%20a%20result%20of%20updates%20to%20%60data%60.%22%5D%7D @ https://dashboard.render.com/assets/errors-FR3gmZ0J.js:1
[    6926ms] [WARNING] An error occurred! For more details, see the full error text at https://go.apollo.dev/c/err#%7B%22version%22%3A%223.14.1%22%2C%22message%22%3A103%2C%22args%22%3A%5B%22useQuery%22%2C%22onCompleted%22%2C%22If%20your%20%60onCompleted%60%20callback%20sets%20local%20state%2C%20switch%20to%20use%20derived%20state%20using%20%60data%60%20returned%20from%20the%20hook%20instead.%20Use%20%60useEffect%60%20to%20perform%20side-effects%20as%20a%20result%20of%20updates%20to%20%60data%60.%22%5D%7D @ https://dashboard.render.com/assets/errors-FR3gmZ0J.js:1
[    6932ms] [WARNING] An error occurred! For more details, see the full error text at https://go.apollo.dev/c/err#%7B%22version%22%3A%223.14.1%22%2C%22message%22%3A103%2C%22args%22%3A%5B%22useQuery%22%2C%22onCompleted%22%2C%22If%20your%20%60onCompleted%60%20callback%20sets%20local%20state%2C%20switch%20to%20use%20derived%20state%20using%20%60data%60%20returned%20from%20the%20hook%20instead.%20Use%20%60useEffect%60%20to%20perform%20side-effects%20as%20a%20result%20of%20updates%20to%20%60data%60.%22%5D%7D @ https://dashboard.render.com/assets/errors-FR3gmZ0J.js:1
[   13871ms] [WARNING] The AudioContext was not allowed to start. It must be resumed (or created) after a user gesture on the page. https://developer.chrome.com/blog/autoplay/#web_audio @ chrome-extension://fcoeoabgfenejglbffodgkkbkcdhcgfn/assets/agent-visual-indicator.js-CQ3yeUso.js:0
[   13871ms] [WARNING] The AudioContext was not allowed to start. It must be resumed (or created) after a user gesture on the page. https://developer.chrome.com/blog/autoplay/#web_audio @ chrome-extension://fcoeoabgfenejglbffodgkkbkcdhcgfn/assets/agent-visual-indicator.js-CQ3yeUso.js:0
[   15428ms] [LOG] Download the Apollo DevTools for a better development experience: %s https://chrome.google.com/webstore/detail/apollo-client-developer-t/jdkknkkbebbapilgoeccciglkfbmbnfm @ https://dashboard.render.com/assets/errors-FR3gmZ0J.js:1
[   19005ms] [WARNING] The AudioContext was not allowed to start. It must be resumed (or created) after a user gesture on the page. https://developer.chrome.com/blog/autoplay/#web_audio @ chrome-extension://fcoeoabgfenejglbffodgkkbkcdhcgfn/assets/agent-visual-indicator.js-CQ3yeUso.js:0
[   33679ms] [WARNING] The AudioContext was not allowed to start. It must be resumed (or created) after a user gesture on the page. https://developer.chrome.com/blog/autoplay/#web_audio @ chrome-extension://fcoeoabgfenejglbffodgkkbkcdhcgfn/assets/agent-visual-indicator.js-CQ3yeUso.js:0
[   33679ms] [WARNING] The AudioContext was not allowed to start. It must be resumed (or created) after a user gesture on the page. https://developer.chrome.com/blog/autoplay/#web_audio @ chrome-extension://fcoeoabgfenejglbffodgkkbkcdhcgfn/assets/agent-visual-indicator.js-CQ3yeUso.js:0
[  116755ms] [WARNING] The AudioContext was not allowed to start. It must be resumed (or created) after a user gesture on the page. https://developer.chrome.com/blog/autoplay/#web_audio @ chrome-extension://fcoeoabgfenejglbffodgkkbkcdhcgfn/assets/agent-visual-indicator.js-CQ3yeUso.js:0
[  177905ms] [ERROR] Failed to load resource: the server responded with a status of 404 () @ https://cron-job.org/en/signup/:0
[  183235ms] [WARNING] The AudioContext was not allowed to start. It must be resumed (or created) after a user gesture on the page. https://developer.chrome.com/blog/autoplay/#web_audio @ chrome-extension://fcoeoabgfenejglbffodgkkbkcdhcgfn/assets/agent-visual-indicator.js-CQ3yeUso.js:0
[  183235ms] [WARNING] The AudioContext was not allowed to start. It must be resumed (or created) after a user gesture on the page. https://developer.chrome.com/blog/autoplay/#web_audio @ chrome-extension://fcoeoabgfenejglbffodgkkbkcdhcgfn/assets/agent-visual-indicator.js-CQ3yeUso.js:0
[  189470ms] [WARNING] The AudioContext was not allowed to start. It must be resumed (or created) after a user gesture on the page. https://developer.chrome.com/blog/autoplay/#web_audio @ chrome-extension://fcoeoabgfenejglbffodgkkbkcdhcgfn/assets/agent-visual-indicator.js-CQ3yeUso.js:0
[  191367ms] Uncaught TurnstileError: [Cloudflare Turnstile] Invalid value for parameter "size", expected "compact", "flexible", or "normal", got "invisible".
    at y (https://challenges.cloudflare.com/turnstile/v0/api.js?onload=cf__reactTurnstileOnLoad&render=explicit:0:10931)
    at ft (https://challenges.cloudflare.com/turnstile/v0/api.js?onload=cf__reactTurnstileOnLoad&render=explicit:0:30558)
    at V (https://challenges.cloudflare.com/turnstile/v0/api.js?onload=cf__reactTurnstileOnLoad&render=explicit:0:46270)
    at F (https://challenges.cloudflare.com/turnstile/v0/api.js?onload=cf__reactTurnstileOnLoad&render=explicit:0:52911)
[  191978ms] [WARNING] Failed to parse audio contentType: audio/mp4; codecs=ac-3 @ https://challenges.cloudflare.com/cdn-cgi/challenge-platform/h/g/turnstile/f/ov2/av0/rch/8ukuo/0x4AAAAAACHko4uIBEXaFPZv/light/fbE/new/invisible?lang=auto:0
[  191978ms] [WARNING] Failed to parse audio contentType: audio/mp4; codecs=ec-3 @ https://challenges.cloudflare.com/cdn-cgi/challenge-platform/h/g/turnstile/f/ov2/av0/rch/8ukuo/0x4AAAAAACHko4uIBEXaFPZv/light/fbE/new/invisible?lang=auto:0
[  191979ms] [WARNING] Invalid (ambiguous) video codec string: video/webm; codecs=vp9 @ https://challenges.cloudflare.com/cdn-cgi/challenge-platform/h/g/turnstile/f/ov2/av0/rch/8ukuo/0x4AAAAAACHko4uIBEXaFPZv/light/fbE/new/invisible?lang=auto:0
[  191980ms] [WARNING] Failed to parse video contentType: video/ogg; codecs=theora @ https://challenges.cloudflare.com/cdn-cgi/challenge-platform/h/g/turnstile/f/ov2/av0/rch/8ukuo/0x4AAAAAACHko4uIBEXaFPZv/light/fbE/new/invisible?lang=auto:0
[  192592ms] [ERROR] Permissions policy violation: xr-spatial-tracking is not allowed in this document. @ https://challenges.cloudflare.com/cdn-cgi/challenge-platform/h/g/turnstile/f/ov2/av0/rch/8ukuo/0x4AAAAAACHko4uIBEXaFPZv/light/fbE/new/invisible?lang=auto:0
[  192593ms] [ERROR] Permissions policy violation: xr-spatial-tracking is not allowed in this document. @ https://challenges.cloudflare.com/cdn-cgi/challenge-platform/h/g/turnstile/f/ov2/av0/rch/8ukuo/0x4AAAAAACHko4uIBEXaFPZv/light/fbE/new/invisible?lang=auto:0
[  193085ms] [WARNING] Form submission canceled because the form is not connected @ https://challenges.cloudflare.com/cdn-cgi/challenge-platform/h/g/turnstile/f/ov2/av0/rch/8ukuo/0x4AAAAAACHko4uIBEXaFPZv/light/fbE/new/invisible?lang=auto:0
[  193092ms] [LOG] /.*.*=.*/ @ https://challenges.cloudflare.com/cdn-cgi/challenge-platform/h/g/turnstile/f/ov2/av0/rch/8ukuo/0x4AAAAAACHko4uIBEXaFPZv/light/fbE/new/invisible?lang=auto:0
[  193093ms] [LOG] /.*.*=.*/ @ https://challenges.cloudflare.com/cdn-cgi/challenge-platform/h/g/turnstile/f/ov2/av0/rch/8ukuo/0x4AAAAAACHko4uIBEXaFPZv/light/fbE/new/invisible?lang=auto:0
[  193093ms] [LOG] function () { [native code] } @ https://challenges.cloudflare.com/cdn-cgi/challenge-platform/h/g/turnstile/f/ov2/av0/rch/8ukuo/0x4AAAAAACHko4uIBEXaFPZv/light/fbE/new/invisible?lang=auto:0
[  193093ms] [LOG] function () { [native code] } @ https://challenges.cloudflare.com/cdn-cgi/challenge-platform/h/g/turnstile/f/ov2/av0/rch/8ukuo/0x4AAAAAACHko4uIBEXaFPZv/light/fbE/new/invisible?lang=auto:0
[  193093ms] [LOG] JSHandle@node @ https://challenges.cloudflare.com/cdn-cgi/challenge-platform/h/g/turnstile/f/ov2/av0/rch/8ukuo/0x4AAAAAACHko4uIBEXaFPZv/light/fbE/new/invisible?lang=auto:0
[  193093ms] [LOG] JSHandle@node @ https://challenges.cloudflare.com/cdn-cgi/challenge-platform/h/g/turnstile/f/ov2/av0/rch/8ukuo/0x4AAAAAACHko4uIBEXaFPZv/light/fbE/new/invisible?lang=auto:0
[  193093ms] [COUNT]  : 1 @ https://challenges.cloudflare.com/cdn-cgi/challenge-platform/h/g/turnstile/f/ov2/av0/rch/8ukuo/0x4AAAAAACHko4uIBEXaFPZv/light/fbE/new/invisible?lang=auto:0
[  193093ms] [COUNT]  : 1 @ https://challenges.cloudflare.com/cdn-cgi/challenge-platform/h/g/turnstile/f/ov2/av0/rch/8ukuo/0x4AAAAAACHko4uIBEXaFPZv/light/fbE/new/invisible?lang=auto:0
[  193094ms] [DIR]  Error @ https://challenges.cloudflare.com/cdn-cgi/challenge-platform/h/g/turnstile/f/ov2/av0/rch/8ukuo/0x4AAAAAACHko4uIBEXaFPZv/light/fbE/new/invisible?lang=auto:0
[  193094ms] [DIR]  Error @ https://challenges.cloudflare.com/cdn-cgi/challenge-platform/h/g/turnstile/f/ov2/av0/rch/8ukuo/0x4AAAAAACHko4uIBEXaFPZv/light/fbE/new/invisible?lang=auto:0
[  193094ms] [DIRXML] %c%d font-size:0;color:transparent Error @ https://challenges.cloudflare.com/cdn-cgi/challenge-platform/h/g/turnstile/f/ov2/av0/rch/8ukuo/0x4AAAAAACHko4uIBEXaFPZv/light/fbE/new/invisible?lang=auto:0
[  193094ms] [DIRXML] %c%d font-size:0;color:transparent Error @ https://challenges.cloudflare.com/cdn-cgi/challenge-platform/h/g/turnstile/f/ov2/av0/rch/8ukuo/0x4AAAAAACHko4uIBEXaFPZv/light/fbE/new/invisible?lang=auto:0
[  193095ms] [ERROR] %c%d font-size:0;color:transparent NaN @ https://challenges.cloudflare.com/cdn-cgi/challenge-platform/h/g/turnstile/f/ov2/av0/rch/8ukuo/0x4AAAAAACHko4uIBEXaFPZv/light/fbE/new/invisible?lang=auto:0
[  193095ms] [ERROR] %c%d font-size:0;color:transparent NaN @ https://challenges.cloudflare.com/cdn-cgi/challenge-platform/h/g/turnstile/f/ov2/av0/rch/8ukuo/0x4AAAAAACHko4uIBEXaFPZv/light/fbE/new/invisible?lang=auto:0
[  193095ms] [INFO] %c%d font-size:0;color:transparent NaN @ https://challenges.cloudflare.com/cdn-cgi/challenge-platform/h/g/turnstile/f/ov2/av0/rch/8ukuo/0x4AAAAAACHko4uIBEXaFPZv/light/fbE/new/invisible?lang=auto:0
[  193095ms] [INFO] %c%d font-size:0;color:transparent NaN @ https://challenges.cloudflare.com/cdn-cgi/challenge-platform/h/g/turnstile/f/ov2/av0/rch/8ukuo/0x4AAAAAACHko4uIBEXaFPZv/light/fbE/new/invisible?lang=auto:0
[  193095ms] [LOG] %c%d font-size:0;color:transparent NaN @ https://challenges.cloudflare.com/cdn-cgi/challenge-platform/h/g/turnstile/f/ov2/av0/rch/8ukuo/0x4AAAAAACHko4uIBEXaFPZv/light/fbE/new/invisible?lang=auto:0
[  193095ms] [LOG] %c%d font-size:0;color:transparent NaN @ https://challenges.cloudflare.com/cdn-cgi/challenge-platform/h/g/turnstile/f/ov2/av0/rch/8ukuo/0x4AAAAAACHko4uIBEXaFPZv/light/fbE/new/invisible?lang=auto:0
[  193096ms] [TABLE] %c%d font-size:0;color:transparent Error @ https://challenges.cloudflare.com/cdn-cgi/challenge-platform/h/g/turnstile/f/ov2/av0/rch/8ukuo/0x4AAAAAACHko4uIBEXaFPZv/light/fbE/new/invisible?lang=auto:0
[  193096ms] [TABLE] %c%d font-size:0;color:transparent Error @ https://challenges.cloudflare.com/cdn-cgi/challenge-platform/h/g/turnstile/f/ov2/av0/rch/8ukuo/0x4AAAAAACHko4uIBEXaFPZv/light/fbE/new/invisible?lang=auto:0
[  193096ms] [WARNING] %c%d font-size:0;color:transparent NaN @ https://challenges.cloudflare.com/cdn-cgi/challenge-platform/h/g/turnstile/f/ov2/av0/rch/8ukuo/0x4AAAAAACHko4uIBEXaFPZv/light/fbE/new/invisible?lang=auto:0
[  193097ms] [WARNING] %c%d font-size:0;color:transparent NaN @ https://challenges.cloudflare.com/cdn-cgi/challenge-platform/h/g/turnstile/f/ov2/av0/rch/8ukuo/0x4AAAAAACHko4uIBEXaFPZv/light/fbE/new/invisible?lang=auto:0
[  193123ms] [ERROR] This document requires 'TrustedHTML' assignment. The action has been blocked. @ https://challenges.cloudflare.com/cdn-cgi/challenge-platform/h/g/turnstile/f/ov2/av0/rch/8ukuo/0x4AAAAAACHko4uIBEXaFPZv/light/fbE/new/invisible?lang=auto:0
[  193123ms] [ERROR] This document requires 'TrustedHTML' assignment. The action has been blocked. @ https://challenges.cloudflare.com/cdn-cgi/challenge-platform/h/g/turnstile/f/ov2/av0/rch/8ukuo/0x4AAAAAACHko4uIBEXaFPZv/light/fbE/new/invisible?lang=auto:0
[  193123ms] [ERROR] This document requires 'TrustedScript' assignment. The action has been blocked. @ https://challenges.cloudflare.com/cdn-cgi/challenge-platform/h/g/turnstile/f/ov2/av0/rch/8ukuo/0x4AAAAAACHko4uIBEXaFPZv/light/fbE/new/invisible?lang=auto:0
[  193124ms] [ERROR] This document requires 'TrustedScript' assignment. The action has been blocked. @ https://challenges.cloudflare.com/cdn-cgi/challenge-platform/h/g/turnstile/f/ov2/av0/rch/8ukuo/0x4AAAAAACHko4uIBEXaFPZv/light/fbE/new/invisible?lang=auto:0
[  193124ms] [ERROR] This document requires 'TrustedScriptURL' assignment. The action has been blocked. @ https://challenges.cloudflare.com/cdn-cgi/challenge-platform/h/g/turnstile/f/ov2/av0/rch/8ukuo/0x4AAAAAACHko4uIBEXaFPZv/light/fbE/new/invisible?lang=auto:0
[  193124ms] [ERROR] This document requires 'TrustedScriptURL' assignment. The action has been blocked. @ https://challenges.cloudflare.com/cdn-cgi/challenge-platform/h/g/turnstile/f/ov2/av0/rch/8ukuo/0x4AAAAAACHko4uIBEXaFPZv/light/fbE/new/invisible?lang=auto:0
[  193127ms] [ERROR] Executing inline script violates the following Content Security Policy directive 'script-src 'nonce-7rZ33Y7vznKb4PfhwjQG25' 'unsafe-eval''. Either the 'unsafe-inline' keyword, a hash ('sha256-eJGI0Ik4oYe/PKLDOt4wcN76wYs8h+Ew05pMzdY6xG8='), or a nonce ('nonce-...') is required to enable inline execution. The action has been blocked. @ about:srcdoc:0
[  193127ms] [ERROR] Executing inline script violates the following Content Security Policy directive 'script-src 'nonce-7rZ33Y7vznKb4PfhwjQG25' 'unsafe-eval''. Either the 'unsafe-inline' keyword, a hash ('sha256-eJGI0Ik4oYe/PKLDOt4wcN76wYs8h+Ew05pMzdY6xG8='), or a nonce ('nonce-...') is required to enable inline execution. The action has been blocked. @ about:srcdoc:0
[  193128ms] [ERROR] This document requires 'TrustedScript' assignment. The action has been blocked. @ https://challenges.cloudflare.com/cdn-cgi/challenge-platform/h/g/turnstile/f/ov2/av0/rch/8ukuo/0x4AAAAAACHko4uIBEXaFPZv/light/fbE/new/invisible?lang=auto:0
[  193128ms] [ERROR] This document requires 'TrustedScript' assignment. The action has been blocked. @ https://challenges.cloudflare.com/cdn-cgi/challenge-platform/h/g/turnstile/f/ov2/av0/rch/8ukuo/0x4AAAAAACHko4uIBEXaFPZv/light/fbE/new/invisible?lang=auto:0
[  193266ms] [LOG] The next request for the Private Access Token challenge may return a 401 and show a warning in console. @ https://challenges.cloudflare.com/cdn-cgi/challenge-platform/h/g/turnstile/f/ov2/av0/rch/8ukuo/0x4AAAAAACHko4uIBEXaFPZv/light/fbE/new/invisible?lang=auto:0
[  193278ms] [ERROR] Failed to load resource: the server responded with a status of 401 () @ https://challenges.cloudflare.com/cdn-cgi/challenge-platform/h/g/pat/9f8a40fae865d2fd/1778262071725/546dcc335949b0938c37f09fdcf2acaad18e580b7d25461014106b15f1c30b84/HgqsogUSb005z4R:0
[  196990ms] [WARNING] The resource https://challenges.cloudflare.com/cdn-cgi/challenge-platform/h/g/cmg/1 was preloaded using link preload but not used within a few seconds from the window's load event. Please make sure it has an appropriate `as` value and it is preloaded intentionally. @ https://challenges.cloudflare.com/cdn-cgi/challenge-platform/h/g/turnstile/f/ov2/av0/rch/8ukuo/0x4AAAAAACHko4uIBEXaFPZv/light/fbE/new/invisible?lang=auto:0
